[2026/1/4 16:30:30] ℹ️ [INFO] 成功获取Git用户名: xuww
[2026/1/4 16:30:30] 🔍 [DEBUG] 工作区存储目录已设置: c:\Users\xuww\AppData\Roaming\Trae CN\User\workspaceStorage\a9ecf73e16694be3a4247e3742b61983
[2026/1/4 16:30:30] ℹ️ [INFO] 成功获取Git用户名: xuww
[2026/1/4 16:30:30] 🔍 [DEBUG] 当前工作区数据库路径: c:\Users\xuww\AppData\Roaming\Trae CN\User\workspaceStorage\a9ecf73e16694be3a4247e3742b61983\state.vscdb
[2026/1/4 16:30:30] ℹ️ [INFO] 没有新的智能体统计日志需要处理
[2026/1/4 16:30:30] ℹ️ [INFO] 未找到用户输入历史记录或内容为空
[2026/1/4 16:30:30] ℹ️ [INFO] 定时智能体统计任务设置完成
[2026/1/4 16:30:30] 🔍 [DEBUG] 当前插件版本: 0.6.6
[2026/1/4 16:30:30] ℹ️ [INFO] 用户统计日志接口调用成功
[2026/1/4 16:40:00] ℹ️ [INFO] 没有新的智能体统计日志需要处理
[2026/1/4 16:40:00] ℹ️ [INFO] 最近用户输入消息发送成功（取最后100条），共 2 条
[2026/1/4 16:50:00] ℹ️ [INFO] 没有新的智能体统计日志需要处理
[2026/1/4 16:50:00] ℹ️ [INFO] 最近用户输入消息发送成功（取最后100条），共 2 条
[2026/1/4 17:00:00] ℹ️ [INFO] 没有新的智能体统计日志需要处理
[2026/1/4 17:00:00] ℹ️ [INFO] 最近用户输入消息发送成功（取最后100条），共 2 条
[2026/1/4 17:00:00] ℹ️ [INFO] 用户统计日志接口调用成功
[2026/1/4 17:10:00] ℹ️ [INFO] 没有新的智能体统计日志需要处理
[2026/1/4 17:10:00] ℹ️ [INFO] 最近用户输入消息发送成功（取最后100条），共 2 条
[2026/1/4 17:20:00] ℹ️ [INFO] 没有新的智能体统计日志需要处理
[2026/1/4 17:20:00] ℹ️ [INFO] 最近用户输入消息发送成功（取最后100条），共 2 条
[2026/1/4 17:30:00] ℹ️ [INFO] 没有新的智能体统计日志需要处理
[2026/1/4 17:30:00] ℹ️ [INFO] 最近用户输入消息发送成功（取最后100条），共 2 条
[2026/1/4 17:40:00] ℹ️ [INFO] 没有新的智能体统计日志需要处理
[2026/1/4 17:40:00] ℹ️ [INFO] 最近用户输入消息发送成功（取最后100条），共 3 条
[2026/1/4 17:50:00] ℹ️ [INFO] 没有新的智能体统计日志需要处理
[2026/1/4 17:50:00] ℹ️ [INFO] 最近用户输入消息发送成功（取最后100条），共 3 条
[2026/1/4 18:00:00] ℹ️ [INFO] 没有新的智能体统计日志需要处理
[2026/1/4 18:00:00] ℹ️ [INFO] 最近用户输入消息发送成功（取最后100条），共 3 条
[2026/1/4 18:00:00] ℹ️ [INFO] 用户统计日志接口调用成功
[2026/1/4 18:10:00] ℹ️ [INFO] 没有新的智能体统计日志需要处理
[2026/1/4 18:10:00] ℹ️ [INFO] 最近用户输入消息发送成功（取最后100条），共 3 条
[2026/1/4 18:20:00] ℹ️ [INFO] 没有新的智能体统计日志需要处理
[2026/1/4 18:20:00] ℹ️ [INFO] 最近用户输入消息发送成功（取最后100条），共 3 条
[2026/1/4 18:30:00] ℹ️ [INFO] 没有新的智能体统计日志需要处理
[2026/1/4 18:30:00] ℹ️ [INFO] 最近用户输入消息发送成功（取最后100条），共 3 条
[2026/1/4 18:40:00] ℹ️ [INFO] 没有新的智能体统计日志需要处理
[2026/1/4 18:40:00] ℹ️ [INFO] 最近用户输入消息发送成功（取最后100条），共 3 条
[2026/1/4 18:50:00] ℹ️ [INFO] 没有新的智能体统计日志需要处理
[2026/1/4 18:50:00] ℹ️ [INFO] 最近用户输入消息发送成功（取最后100条），共 3 条
[2026/1/4 19:00:00] ℹ️ [INFO] 没有新的智能体统计日志需要处理
[2026/1/4 19:00:00] ℹ️ [INFO] 最近用户输入消息发送成功（取最后100条），共 3 条
[2026/1/4 19:00:00] ℹ️ [INFO] 用户统计日志接口调用成功
[2026/1/4 19:10:00] ℹ️ [INFO] 没有新的智能体统计日志需要处理
[2026/1/4 19:10:00] ℹ️ [INFO] 最近用户输入消息发送成功（取最后100条），共 3 条
[2026/1/4 19:20:00] ℹ️ [INFO] 没有新的智能体统计日志需要处理
[2026/1/4 19:20:00] ℹ️ [INFO] 最近用户输入消息发送成功（取最后100条），共 3 条
[2026/1/4 19:30:00] ℹ️ [INFO] 没有新的智能体统计日志需要处理
[2026/1/4 19:30:00] ℹ️ [INFO] 最近用户输入消息发送成功（取最后100条），共 3 条
[2026/1/4 19:40:00] ℹ️ [INFO] 没有新的智能体统计日志需要处理
[2026/1/4 19:40:00] ℹ️ [INFO] 最近用户输入消息发送成功（取最后100条），共 3 条
[2026/1/4 19:50:00] ℹ️ [INFO] 没有新的智能体统计日志需要处理
[2026/1/4 19:50:00] ℹ️ [INFO] 最近用户输入消息发送成功（取最后100条），共 3 条
[2026/1/4 20:00:00] ℹ️ [INFO] 没有新的智能体统计日志需要处理
[2026/1/4 20:00:00] ℹ️ [INFO] 最近用户输入消息发送成功（取最后100条），共 4 条
[2026/1/4 20:00:01] ℹ️ [INFO] 用户统计日志接口调用成功
[2026/1/4 20:10:00] ℹ️ [INFO] 没有新的智能体统计日志需要处理
[2026/1/4 20:10:00] ℹ️ [INFO] 最近用户输入消息发送成功（取最后100条），共 4 条
[2026/1/4 20:20:00] ℹ️ [INFO] 没有新的智能体统计日志需要处理
[2026/1/4 20:20:00] ℹ️ [INFO] 最近用户输入消息发送成功（取最后100条），共 4 条
[2026/1/4 20:30:00] ℹ️ [INFO] 没有新的智能体统计日志需要处理
[2026/1/4 20:30:00] ℹ️ [INFO] 最近用户输入消息发送成功（取最后100条），共 4 条
[2026/1/4 20:40:00] ℹ️ [INFO] 没有新的智能体统计日志需要处理
[2026/1/4 20:40:00] ℹ️ [INFO] 最近用户输入消息发送成功（取最后100条），共 4 条
[2026/1/4 20:50:00] ℹ️ [INFO] 没有新的智能体统计日志需要处理
[2026/1/4 20:50:00] ℹ️ [INFO] 最近用户输入消息发送成功（取最后100条），共 4 条
[2026/1/4 21:00:00] ℹ️ [INFO] 没有新的智能体统计日志需要处理
[2026/1/4 21:00:00] ℹ️ [INFO] 最近用户输入消息发送成功（取最后100条），共 4 条
[2026/1/4 21:00:01] ℹ️ [INFO] 用户统计日志接口调用成功
[2026/1/4 21:10:00] ℹ️ [INFO] 没有新的智能体统计日志需要处理
[2026/1/4 21:10:00] ℹ️ [INFO] 最近用户输入消息发送成功（取最后100条），共 4 条
[2026/1/4 21:20:00] ℹ️ [INFO] 没有新的智能体统计日志需要处理
[2026/1/4 21:20:00] ℹ️ [INFO] 最近用户输入消息发送成功（取最后100条），共 4 条
[2026/1/4 21:30:00] ℹ️ [INFO] 没有新的智能体统计日志需要处理
[2026/1/4 21:30:00] ℹ️ [INFO] 最近用户输入消息发送成功（取最后100条），共 4 条
[2026/1/4 21:40:00] ℹ️ [INFO] 没有新的智能体统计日志需要处理
[2026/1/4 21:40:00] ℹ️ [INFO] 最近用户输入消息发送成功（取最后100条），共 5 条
[2026/1/4 21:50:00] ℹ️ [INFO] 没有新的智能体统计日志需要处理
[2026/1/4 21:50:00] ℹ️ [INFO] 最近用户输入消息发送成功（取最后100条），共 5 条
[2026/1/4 22:00:00] ℹ️ [INFO] 没有新的智能体统计日志需要处理
[2026/1/4 22:00:00] ℹ️ [INFO] 最近用户输入消息发送成功（取最后100条），共 5 条
[2026/1/4 22:00:01] ℹ️ [INFO] 用户统计日志接口调用成功
[2026/1/4 22:10:00] ℹ️ [INFO] 没有新的智能体统计日志需要处理
[2026/1/4 22:10:00] ℹ️ [INFO] 最近用户输入消息发送成功（取最后100条），共 5 条
[2026/1/4 22:20:00] ℹ️ [INFO] 没有新的智能体统计日志需要处理
[2026/1/4 22:20:00] ℹ️ [INFO] 最近用户输入消息发送成功（取最后100条），共 5 条
[2026/1/4 22:30:00] ℹ️ [INFO] 没有新的智能体统计日志需要处理
[2026/1/4 22:30:00] ℹ️ [INFO] 最近用户输入消息发送成功（取最后100条），共 6 条
[2026/1/4 22:40:00] ℹ️ [INFO] 没有新的智能体统计日志需要处理
[2026/1/4 22:40:00] ℹ️ [INFO] 最近用户输入消息发送成功（取最后100条），共 6 条
[2026/1/4 22:50:00] ℹ️ [INFO] 没有新的智能体统计日志需要处理
[2026/1/4 22:50:00] ℹ️ [INFO] 最近用户输入消息发送成功（取最后100条），共 6 条
[2026/1/4 23:00:00] ℹ️ [INFO] 没有新的智能体统计日志需要处理
[2026/1/4 23:00:00] ℹ️ [INFO] 最近用户输入消息发送成功（取最后100条），共 6 条
[2026/1/4 23:00:00] ℹ️ [INFO] 用户统计日志接口调用成功
[2026/1/4 23:10:00] ℹ️ [INFO] 没有新的智能体统计日志需要处理
[2026/1/4 23:10:00] ℹ️ [INFO] 最近用户输入消息发送成功（取最后100条），共 6 条
[2026/1/4 23:20:00] ℹ️ [INFO] 没有新的智能体统计日志需要处理
[2026/1/4 23:20:00] ℹ️ [INFO] 最近用户输入消息发送成功（取最后100条），共 6 条
[2026/1/4 23:30:00] ℹ️ [INFO] 没有新的智能体统计日志需要处理
[2026/1/4 23:30:00] ℹ️ [INFO] 最近用户输入消息发送成功（取最后100条），共 6 条
[2026/1/4 23:40:00] ℹ️ [INFO] 没有新的智能体统计日志需要处理
[2026/1/4 23:40:00] ℹ️ [INFO] 最近用户输入消息发送成功（取最后100条），共 6 条
[2026/1/4 23:50:00] ℹ️ [INFO] 没有新的智能体统计日志需要处理
[2026/1/4 23:50:00] ℹ️ [INFO] 最近用户输入消息发送成功（取最后100条），共 6 条
[2026/1/5 00:00:00] ℹ️ [INFO] 没有新的智能体统计日志需要处理
[2026/1/5 00:00:00] ℹ️ [INFO] 最近用户输入消息发送成功（取最后100条），共 6 条
[2026/1/5 00:00:02] ℹ️ [INFO] 用户统计日志接口调用成功
[2026/1/5 00:10:00] ℹ️ [INFO] 没有新的智能体统计日志需要处理
[2026/1/5 00:10:00] ℹ️ [INFO] 最近用户输入消息发送成功（取最后100条），共 6 条
[2026/1/5 00:20:00] ℹ️ [INFO] 没有新的智能体统计日志需要处理
[2026/1/5 00:20:00] ℹ️ [INFO] 最近用户输入消息发送成功（取最后100条），共 6 条
[2026/1/5 00:30:00] ℹ️ [INFO] 没有新的智能体统计日志需要处理
[2026/1/5 00:30:00] ℹ️ [INFO] 最近用户输入消息发送成功（取最后100条），共 6 条
[2026/1/5 00:40:00] ℹ️ [INFO] 没有新的智能体统计日志需要处理
[2026/1/5 00:40:00] ℹ️ [INFO] 最近用户输入消息发送成功（取最后100条），共 6 条
[2026/1/5 00:50:00] ℹ️ [INFO] 没有新的智能体统计日志需要处理
[2026/1/5 00:50:00] ℹ️ [INFO] 最近用户输入消息发送成功（取最后100条），共 6 条
[2026/1/5 01:00:00] ℹ️ [INFO] 没有新的智能体统计日志需要处理
[2026/1/5 01:00:00] ℹ️ [INFO] 最近用户输入消息发送成功（取最后100条），共 6 条
[2026/1/5 01:00:00] ℹ️ [INFO] 用户统计日志接口调用成功
[2026/1/5 01:10:00] ℹ️ [INFO] 没有新的智能体统计日志需要处理
[2026/1/5 01:10:00] ℹ️ [INFO] 最近用户输入消息发送成功（取最后100条），共 6 条
[2026/1/5 01:20:00] ℹ️ [INFO] 没有新的智能体统计日志需要处理
[2026/1/5 01:20:00] ℹ️ [INFO] 最近用户输入消息发送成功（取最后100条），共 6 条
[2026/1/5 01:30:00] ℹ️ [INFO] 没有新的智能体统计日志需要处理
[2026/1/5 01:30:00] ℹ️ [INFO] 最近用户输入消息发送成功（取最后100条），共 6 条
[2026/1/5 01:40:00] ℹ️ [INFO] 没有新的智能体统计日志需要处理
[2026/1/5 01:40:00] ℹ️ [INFO] 最近用户输入消息发送成功（取最后100条），共 6 条
[2026/1/5 01:50:00] ℹ️ [INFO] 没有新的智能体统计日志需要处理
[2026/1/5 01:50:00] ℹ️ [INFO] 最近用户输入消息发送成功（取最后100条），共 6 条
[2026/1/5 02:00:00] ℹ️ [INFO] 没有新的智能体统计日志需要处理
[2026/1/5 02:00:02] ℹ️ [INFO] 最近用户输入消息发送成功（取最后100条），共 6 条
[2026/1/5 02:00:03] ℹ️ [INFO] 用户统计日志接口调用成功
[2026/1/5 02:10:00] ℹ️ [INFO] 没有新的智能体统计日志需要处理
[2026/1/5 02:10:01] ℹ️ [INFO] 最近用户输入消息发送成功（取最后100条），共 6 条
[2026/1/5 02:20:00] ℹ️ [INFO] 没有新的智能体统计日志需要处理
[2026/1/5 02:20:00] ℹ️ [INFO] 最近用户输入消息发送成功（取最后100条），共 6 条
[2026/1/5 02:30:00] ℹ️ [INFO] 没有新的智能体统计日志需要处理
[2026/1/5 02:30:00] ℹ️ [INFO] 最近用户输入消息发送成功（取最后100条），共 6 条
[2026/1/5 02:40:00] ℹ️ [INFO] 没有新的智能体统计日志需要处理
[2026/1/5 02:40:00] ℹ️ [INFO] 最近用户输入消息发送成功（取最后100条），共 6 条
[2026/1/5 02:50:00] ℹ️ [INFO] 没有新的智能体统计日志需要处理
[2026/1/5 02:50:00] ℹ️ [INFO] 最近用户输入消息发送成功（取最后100条），共 6 条
[2026/1/5 03:00:00] ℹ️ [INFO] 没有新的智能体统计日志需要处理
[2026/1/5 03:00:02] ℹ️ [INFO] 最近用户输入消息发送成功（取最后100条），共 6 条
[2026/1/5 03:00:03] ℹ️ [INFO] 用户统计日志接口调用成功
[2026/1/5 03:10:00] ℹ️ [INFO] 没有新的智能体统计日志需要处理
[2026/1/5 03:10:00] ℹ️ [INFO] 最近用户输入消息发送成功（取最后100条），共 6 条
[2026/1/5 03:20:00] ℹ️ [INFO] 没有新的智能体统计日志需要处理
[2026/1/5 03:20:00] ℹ️ [INFO] 最近用户输入消息发送成功（取最后100条），共 6 条
[2026/1/5 03:30:00] ℹ️ [INFO] 没有新的智能体统计日志需要处理
[2026/1/5 03:30:00] ℹ️ [INFO] 最近用户输入消息发送成功（取最后100条），共 6 条
[2026/1/5 03:40:00] ℹ️ [INFO] 没有新的智能体统计日志需要处理
[2026/1/5 03:40:00] ℹ️ [INFO] 最近用户输入消息发送成功（取最后100条），共 6 条
[2026/1/5 03:50:00] ℹ️ [INFO] 没有新的智能体统计日志需要处理
[2026/1/5 03:50:00] ℹ️ [INFO] 最近用户输入消息发送成功（取最后100条），共 6 条
[2026/1/5 04:00:00] ℹ️ [INFO] 没有新的智能体统计日志需要处理
[2026/1/5 04:00:00] ℹ️ [INFO] 最近用户输入消息发送成功（取最后100条），共 6 条
[2026/1/5 04:00:01] ℹ️ [INFO] 用户统计日志接口调用成功
[2026/1/5 04:10:00] ℹ️ [INFO] 没有新的智能体统计日志需要处理
[2026/1/5 04:10:00] ℹ️ [INFO] 最近用户输入消息发送成功（取最后100条），共 6 条
[2026/1/5 04:20:00] ℹ️ [INFO] 没有新的智能体统计日志需要处理
[2026/1/5 04:20:00] ℹ️ [INFO] 最近用户输入消息发送成功（取最后100条），共 6 条
[2026/1/5 04:30:00] ℹ️ [INFO] 没有新的智能体统计日志需要处理
[2026/1/5 04:30:00] ℹ️ [INFO] 最近用户输入消息发送成功（取最后100条），共 6 条
[2026/1/5 04:40:00] ℹ️ [INFO] 没有新的智能体统计日志需要处理
[2026/1/5 04:40:00] ℹ️ [INFO] 最近用户输入消息发送成功（取最后100条），共 6 条
[2026/1/5 04:50:00] ℹ️ [INFO] 没有新的智能体统计日志需要处理
[2026/1/5 04:50:00] ℹ️ [INFO] 最近用户输入消息发送成功（取最后100条），共 6 条
[2026/1/5 05:00:00] ℹ️ [INFO] 没有新的智能体统计日志需要处理
[2026/1/5 05:00:00] ℹ️ [INFO] 最近用户输入消息发送成功（取最后100条），共 6 条
[2026/1/5 05:00:02] ℹ️ [INFO] 用户统计日志接口调用成功
[2026/1/5 05:10:00] ℹ️ [INFO] 没有新的智能体统计日志需要处理
[2026/1/5 05:10:00] ℹ️ [INFO] 最近用户输入消息发送成功（取最后100条），共 6 条
[2026/1/5 05:20:00] ℹ️ [INFO] 没有新的智能体统计日志需要处理
[2026/1/5 05:20:00] ℹ️ [INFO] 最近用户输入消息发送成功（取最后100条），共 6 条
[2026/1/5 05:30:00] ℹ️ [INFO] 没有新的智能体统计日志需要处理
[2026/1/5 05:30:00] ℹ️ [INFO] 最近用户输入消息发送成功（取最后100条），共 6 条
[2026/1/5 05:40:00] ℹ️ [INFO] 没有新的智能体统计日志需要处理
[2026/1/5 05:40:00] ℹ️ [INFO] 最近用户输入消息发送成功（取最后100条），共 6 条
[2026/1/5 05:50:00] ℹ️ [INFO] 没有新的智能体统计日志需要处理
[2026/1/5 05:50:00] ℹ️ [INFO] 最近用户输入消息发送成功（取最后100条），共 6 条
[2026/1/5 06:00:00] ℹ️ [INFO] 没有新的智能体统计日志需要处理
[2026/1/5 06:00:01] ℹ️ [INFO] 最近用户输入消息发送成功（取最后100条），共 6 条
[2026/1/5 06:00:02] ℹ️ [INFO] 用户统计日志接口调用成功
[2026/1/5 06:10:00] ℹ️ [INFO] 没有新的智能体统计日志需要处理
[2026/1/5 06:10:00] ℹ️ [INFO] 最近用户输入消息发送成功（取最后100条），共 6 条
[2026/1/5 06:20:00] ℹ️ [INFO] 没有新的智能体统计日志需要处理
[2026/1/5 06:20:00] ℹ️ [INFO] 最近用户输入消息发送成功（取最后100条），共 6 条
[2026/1/5 06:30:00] ℹ️ [INFO] 没有新的智能体统计日志需要处理
[2026/1/5 06:30:00] ℹ️ [INFO] 最近用户输入消息发送成功（取最后100条），共 6 条
[2026/1/5 06:40:00] ℹ️ [INFO] 没有新的智能体统计日志需要处理
[2026/1/5 06:40:00] ℹ️ [INFO] 最近用户输入消息发送成功（取最后100条），共 6 条
[2026/1/5 06:50:00] ℹ️ [INFO] 没有新的智能体统计日志需要处理
[2026/1/5 06:50:00] ℹ️ [INFO] 最近用户输入消息发送成功（取最后100条），共 6 条
[2026/1/5 07:00:00] ℹ️ [INFO] 没有新的智能体统计日志需要处理
[2026/1/5 07:00:01] ℹ️ [INFO] 最近用户输入消息发送成功（取最后100条），共 6 条
[2026/1/5 07:00:02] ℹ️ [INFO] 用户统计日志接口调用成功
[2026/1/5 07:10:00] ℹ️ [INFO] 没有新的智能体统计日志需要处理
[2026/1/5 07:10:00] ℹ️ [INFO] 最近用户输入消息发送成功（取最后100条），共 6 条
[2026/1/5 07:20:00] ℹ️ [INFO] 没有新的智能体统计日志需要处理
[2026/1/5 07:20:00] ℹ️ [INFO] 最近用户输入消息发送成功（取最后100条），共 6 条
[2026/1/5 07:30:00] ℹ️ [INFO] 没有新的智能体统计日志需要处理
[2026/1/5 07:30:00] ℹ️ [INFO] 最近用户输入消息发送成功（取最后100条），共 6 条
[2026/1/5 07:40:00] ℹ️ [INFO] 没有新的智能体统计日志需要处理
[2026/1/5 07:40:00] ℹ️ [INFO] 最近用户输入消息发送成功（取最后100条），共 6 条
[2026/1/5 07:50:00] ℹ️ [INFO] 没有新的智能体统计日志需要处理
[2026/1/5 07:50:00] ℹ️ [INFO] 最近用户输入消息发送成功（取最后100条），共 6 条
[2026/1/5 08:00:00] ℹ️ [INFO] 没有新的智能体统计日志需要处理
[2026/1/5 08:00:00] ℹ️ [INFO] 最近用户输入消息发送成功（取最后100条），共 6 条
[2026/1/5 08:00:01] ℹ️ [INFO] 用户统计日志接口调用成功
[2026/1/5 08:10:00] ℹ️ [INFO] 没有新的智能体统计日志需要处理
[2026/1/5 08:10:00] ℹ️ [INFO] 最近用户输入消息发送成功（取最后100条），共 6 条
[2026/1/5 08:20:00] ℹ️ [INFO] 没有新的智能体统计日志需要处理
[2026/1/5 08:20:00] ℹ️ [INFO] 最近用户输入消息发送成功（取最后100条），共 6 条
[2026/1/5 08:30:00] ℹ️ [INFO] 没有新的智能体统计日志需要处理
[2026/1/5 08:30:00] ℹ️ [INFO] 最近用户输入消息发送成功（取最后100条），共 6 条
[2026/1/5 08:40:00] ℹ️ [INFO] 没有新的智能体统计日志需要处理
[2026/1/5 08:40:00] ℹ️ [INFO] 最近用户输入消息发送成功（取最后100条），共 6 条
[2026/1/5 08:50:00] ℹ️ [INFO] 没有新的智能体统计日志需要处理
[2026/1/5 08:50:00] ℹ️ [INFO] 最近用户输入消息发送成功（取最后100条），共 6 条
[2026/1/5 09:00:00] ℹ️ [INFO] 没有新的智能体统计日志需要处理
[2026/1/5 09:00:00] ℹ️ [INFO] 最近用户输入消息发送成功（取最后100条），共 9 条
[2026/1/5 09:00:02] ℹ️ [INFO] 用户统计日志接口调用成功
